<?xml version="1.0" encoding="UTF-8"?>
<testng-results ignored="0" total="1" passed="1" failed="0" skipped="0">
  <reporter-output>
  </reporter-output>
  <suite started-at="2024-05-03T21:46:39 IST" name="Suite" finished-at="2024-05-03T21:46:49 IST" duration-ms="10113">
    <groups>
    </groups>
    <test started-at="2024-05-03T21:46:39 IST" name="Test" finished-at="2024-05-03T21:46:49 IST" duration-ms="10113">
      <class name="regression.Login">
        <test-method is-config="true" signature="initializeTestData()[pri:0, instance:regression.Login@27406a17]" started-at="2024-05-03T21:46:39 IST" name="initializeTestData" finished-at="2024-05-03T21:46:41 IST" duration-ms="1700" status="PASS">
          <reporter-output>
          </reporter-output>
        </test-method> <!-- initializeTestData -->
        <test-method is-config="true" signature="beforeTest()[pri:0, instance:regression.Login@27406a17]" started-at="2024-05-03T21:46:41 IST" name="beforeTest" finished-at="2024-05-03T21:46:47 IST" duration-ms="5961" status="PASS">
          <reporter-output>
          </reporter-output>
        </test-method> <!-- beforeTest -->
        <test-method signature="firstTest()[pri:0, instance:regression.Login@27406a17]" started-at="2024-05-03T21:46:47 IST" name="firstTest" finished-at="2024-05-03T21:46:49 IST" duration-ms="2155" status="PASS">
          <reporter-output>
          </reporter-output>
        </test-method> <!-- firstTest -->
        <test-method is-config="true" signature="afterTesr()[pri:0, instance:regression.Login@27406a17]" started-at="2024-05-03T21:46:49 IST" name="afterTesr" finished-at="2024-05-03T21:46:49 IST" duration-ms="252" status="PASS">
          <reporter-output>
          </reporter-output>
        </test-method> <!-- afterTesr -->
      </class> <!-- regression.Login -->
    </test> <!-- Test -->
  </suite> <!-- Suite -->
</testng-results>
